<?xml version="1.0" encoding="UTF-8"?>
<!-- Generated by org.testng.reporters.JUnitReportReporter -->
<testsuite hostname="Mehedi-PC" name="com.whatsapp.WhatsappRegression" tests="1" failures="0" timestamp="23 Mar 2015 07:02:39 GMT" time="21.646" errors="0">
  <testcase name="testApp" time="21.646" classname="com.whatsapp.WhatsappRegression"/>
</testsuite> <!-- com.whatsapp.WhatsappRegression -->
